{"level":"INFO","message":"[4:11:35.485 PM]: Creating new connection object"}
{"level":"INFO","message":"[4:11:35.505 PM]: Creating Connection[id: 9c37e14b-6791-4eca-a1f9-fa718917006c] with host: na_pupr_provider_pp6.preprod6.us-west-2.aws.snowflakecomputing.com, account: na_pupr_provider_pp6, accessUrl: https://na_pupr_provider_pp6.preprod6.us-west-2.aws.snowflakecomputing.com, user: admin, role: undefined, database: undefined, schema: undefined, warehouse: undefined, proxy was not configured, password is provided, region: preprod6.us-west-2.aws, authenticator: SNOWFLAKE, ocsp mode: FAIL_OPEN, os: darwin, os versio"}
{"level":"INFO","message":"[4:11:35.506 PM]: Connection[id: 9c37e14b-6791-4eca-a1f9-fa718917006c] additional details: passcode in password is provided, passcode is not provided, private key is not provided, application: undefined, client name: snowflake-sdk, client version: 2.2.0, retry timeout: 300, private key path: undefined, private key pass is not provided, client store temporary credential: false, browser response timeout: 120000"}
{"level":"INFO","message":"[4:11:35.506 PM]: Connection[id: 9c37e14b-6791-4eca-a1f9-fa718917006c] - connection object created successfully."}
{"level":"INFO","message":"[4:11:35.507 PM]: Connection[id: 9c37e14b-6791-4eca-a1f9-fa718917006c] - connecting. Associated Snowflake domain: GLOBAL"}
{"level":"INFO","message":"[4:11:35.508 PM]: Connection[id: 9c37e14b-6791-4eca-a1f9-fa718917006c] - authentication successful using: SNOWFLAKE"}
{"level":"INFO","message":"[4:11:35.508 PM]: Trying to initialize Easy Logging"}
{"level":"INFO","message":"[4:11:35.510 PM]: No client config detected."}
{"level":"INFO","message":"[4:11:35.511 PM]: No config file path found. Client config will not be used."}
{"level":"INFO","message":"[4:11:35.512 PM]: Easy Logging is disabled as no config has been found"}
{"level":"INFO","message":"[4:11:35.516 PM]: Connection[id: 9c37e14b-6791-4eca-a1f9-fa718917006c] - connected successfully after 8.865208000002895 milliseconds"}
{"level":"INFO","message":"[4:11:38.598 PM]: Creating new connection object"}
{"level":"INFO","message":"[4:11:38.599 PM]: Creating Connection[id: ccf3decc-373e-42a5-a0a3-abb870fac48e] with host: na_pupr_provider_pp6.preprod6.us-west-2.aws.snowflakecomputing.com, account: na_pupr_provider_pp6, accessUrl: https://na_pupr_provider_pp6.preprod6.us-west-2.aws.snowflakecomputing.com, user: admin, role: undefined, database: undefined, schema: undefined, warehouse: undefined, proxy was not configured, password is provided, region: preprod6.us-west-2.aws, authenticator: SNOWFLAKE, ocsp mode: FAIL_OPEN, os: darwin, os versio"}
{"level":"INFO","message":"[4:11:38.599 PM]: Connection[id: ccf3decc-373e-42a5-a0a3-abb870fac48e] additional details: passcode in password is provided, passcode is not provided, private key is not provided, application: undefined, client name: snowflake-sdk, client version: 2.2.0, retry timeout: 300, private key path: undefined, private key pass is not provided, client store temporary credential: false, browser response timeout: 120000"}
{"level":"INFO","message":"[4:11:38.599 PM]: Connection[id: ccf3decc-373e-42a5-a0a3-abb870fac48e] - connection object created successfully."}
{"level":"INFO","message":"[4:11:38.600 PM]: Connection[id: ccf3decc-373e-42a5-a0a3-abb870fac48e] - connecting. Associated Snowflake domain: GLOBAL"}
{"level":"INFO","message":"[4:11:38.600 PM]: Connection[id: ccf3decc-373e-42a5-a0a3-abb870fac48e] - authentication successful using: SNOWFLAKE"}
{"level":"INFO","message":"[4:11:38.601 PM]: Connection[id: ccf3decc-373e-42a5-a0a3-abb870fac48e] - connected successfully after 1.5002499999827705 milliseconds"}
{"level":"INFO","message":"[4:11:38.606 PM]: Creating new connection object"}
{"level":"INFO","message":"[4:11:38.606 PM]: Creating Connection[id: 5a345f1f-0f3e-41ac-a5a0-a5623c88b896] with host: na_pupr_provider_pp6.preprod6.us-west-2.aws.snowflakecomputing.com, account: na_pupr_provider_pp6, accessUrl: https://na_pupr_provider_pp6.preprod6.us-west-2.aws.snowflakecomputing.com, user: admin, role: undefined, database: undefined, schema: undefined, warehouse: undefined, proxy was not configured, password is provided, region: preprod6.us-west-2.aws, authenticator: SNOWFLAKE, ocsp mode: FAIL_OPEN, os: darwin, os versio"}
{"level":"INFO","message":"[4:11:38.607 PM]: Connection[id: 5a345f1f-0f3e-41ac-a5a0-a5623c88b896] additional details: passcode in password is provided, passcode is not provided, private key is not provided, application: undefined, client name: snowflake-sdk, client version: 2.2.0, retry timeout: 300, private key path: undefined, private key pass is not provided, client store temporary credential: false, browser response timeout: 120000"}
{"level":"INFO","message":"[4:11:38.607 PM]: Connection[id: 5a345f1f-0f3e-41ac-a5a0-a5623c88b896] - connection object created successfully."}
{"level":"INFO","message":"[4:11:38.607 PM]: Connection[id: 5a345f1f-0f3e-41ac-a5a0-a5623c88b896] - connecting. Associated Snowflake domain: GLOBAL"}
{"level":"INFO","message":"[4:11:38.607 PM]: Connection[id: 5a345f1f-0f3e-41ac-a5a0-a5623c88b896] - authentication successful using: SNOWFLAKE"}
{"level":"INFO","message":"[4:11:38.608 PM]: Connection[id: 5a345f1f-0f3e-41ac-a5a0-a5623c88b896] - connected successfully after 0.8756669999856967 milliseconds"}
{"level":"INFO","message":"[4:11:39.678 PM]: Creating new connection object"}
{"level":"INFO","message":"[4:11:39.679 PM]: Creating Connection[id: 2e839847-76e3-4a37-84d1-fae0aacc25ab] with host: na_pupr_provider_pp6.preprod6.us-west-2.aws.snowflakecomputing.com, account: na_pupr_provider_pp6, accessUrl: https://na_pupr_provider_pp6.preprod6.us-west-2.aws.snowflakecomputing.com, user: admin, role: undefined, database: undefined, schema: undefined, warehouse: undefined, proxy was not configured, password is provided, region: preprod6.us-west-2.aws, authenticator: SNOWFLAKE, ocsp mode: FAIL_OPEN, os: darwin, os versio"}
{"level":"INFO","message":"[4:11:39.679 PM]: Connection[id: 2e839847-76e3-4a37-84d1-fae0aacc25ab] additional details: passcode in password is provided, passcode is not provided, private key is not provided, application: undefined, client name: snowflake-sdk, client version: 2.2.0, retry timeout: 300, private key path: undefined, private key pass is not provided, client store temporary credential: false, browser response timeout: 120000"}
{"level":"INFO","message":"[4:11:39.680 PM]: Connection[id: 2e839847-76e3-4a37-84d1-fae0aacc25ab] - connection object created successfully."}
{"level":"INFO","message":"[4:11:39.680 PM]: Connection[id: 2e839847-76e3-4a37-84d1-fae0aacc25ab] - connecting. Associated Snowflake domain: GLOBAL"}
{"level":"INFO","message":"[4:11:39.680 PM]: Connection[id: 2e839847-76e3-4a37-84d1-fae0aacc25ab] - authentication successful using: SNOWFLAKE"}
{"level":"INFO","message":"[4:11:39.681 PM]: Connection[id: 2e839847-76e3-4a37-84d1-fae0aacc25ab] - connected successfully after 1.562459000007948 milliseconds"}
{"level":"INFO","message":"[4:11:40.240 PM]: Creating new connection object"}
{"level":"INFO","message":"[4:11:40.241 PM]: Creating Connection[id: f00743f0-ae77-4bfe-9575-8c82d7bf28fa] with host: na_pupr_provider_pp6.preprod6.us-west-2.aws.snowflakecomputing.com, account: na_pupr_provider_pp6, accessUrl: https://na_pupr_provider_pp6.preprod6.us-west-2.aws.snowflakecomputing.com, user: admin, role: undefined, database: undefined, schema: undefined, warehouse: undefined, proxy was not configured, password is provided, region: preprod6.us-west-2.aws, authenticator: SNOWFLAKE, ocsp mode: FAIL_OPEN, os: darwin, os versio"}
{"level":"INFO","message":"[4:11:40.241 PM]: Connection[id: f00743f0-ae77-4bfe-9575-8c82d7bf28fa] additional details: passcode in password is provided, passcode is not provided, private key is not provided, application: undefined, client name: snowflake-sdk, client version: 2.2.0, retry timeout: 300, private key path: undefined, private key pass is not provided, client store temporary credential: false, browser response timeout: 120000"}
{"level":"INFO","message":"[4:11:40.241 PM]: Connection[id: f00743f0-ae77-4bfe-9575-8c82d7bf28fa] - connection object created successfully."}
{"level":"INFO","message":"[4:11:40.242 PM]: Connection[id: f00743f0-ae77-4bfe-9575-8c82d7bf28fa] - connecting. Associated Snowflake domain: GLOBAL"}
{"level":"INFO","message":"[4:11:40.242 PM]: Connection[id: f00743f0-ae77-4bfe-9575-8c82d7bf28fa] - authentication successful using: SNOWFLAKE"}
{"level":"INFO","message":"[4:11:40.244 PM]: Connection[id: f00743f0-ae77-4bfe-9575-8c82d7bf28fa] - connected successfully after 2.2980420000094455 milliseconds"}
{"level":"INFO","message":"[4:11:41.144 PM]: Creating new connection object"}
{"level":"INFO","message":"[4:11:41.145 PM]: Creating Connection[id: eb4fe016-6bb5-4383-aa55-2d8d8660ea58] with host: na_pupr_provider_pp6.preprod6.us-west-2.aws.snowflakecomputing.com, account: na_pupr_provider_pp6, accessUrl: https://na_pupr_provider_pp6.preprod6.us-west-2.aws.snowflakecomputing.com, user: admin, role: undefined, database: undefined, schema: undefined, warehouse: undefined, proxy was not configured, password is provided, region: preprod6.us-west-2.aws, authenticator: SNOWFLAKE, ocsp mode: FAIL_OPEN, os: darwin, os versio"}
{"level":"INFO","message":"[4:11:41.145 PM]: Connection[id: eb4fe016-6bb5-4383-aa55-2d8d8660ea58] additional details: passcode in password is provided, passcode is not provided, private key is not provided, application: undefined, client name: snowflake-sdk, client version: 2.2.0, retry timeout: 300, private key path: undefined, private key pass is not provided, client store temporary credential: false, browser response timeout: 120000"}
{"level":"INFO","message":"[4:11:41.145 PM]: Connection[id: eb4fe016-6bb5-4383-aa55-2d8d8660ea58] - connection object created successfully."}
{"level":"INFO","message":"[4:11:41.145 PM]: Connection[id: eb4fe016-6bb5-4383-aa55-2d8d8660ea58] - connecting. Associated Snowflake domain: GLOBAL"}
{"level":"INFO","message":"[4:11:41.145 PM]: Connection[id: eb4fe016-6bb5-4383-aa55-2d8d8660ea58] - authentication successful using: SNOWFLAKE"}
{"level":"INFO","message":"[4:11:41.146 PM]: Connection[id: eb4fe016-6bb5-4383-aa55-2d8d8660ea58] - connected successfully after 0.8446669999975711 milliseconds"}
{"level":"INFO","message":"[4:42:18.685 PM]: Creating new connection object"}
{"level":"INFO","message":"[4:42:18.694 PM]: Creating Connection[id: d9be3392-8338-405a-9067-9559e63c9567] with host: na_pupr_provider_pp6.preprod6.us-west-2.aws.snowflakecomputing.com, account: na_pupr_provider_pp6, accessUrl: https://na_pupr_provider_pp6.preprod6.us-west-2.aws.snowflakecomputing.com, user: admin, role: undefined, database: undefined, schema: undefined, warehouse: undefined, proxy was not configured, password is provided, region: preprod6.us-west-2.aws, authenticator: SNOWFLAKE, ocsp mode: FAIL_OPEN, os: darwin, os versio"}
{"level":"INFO","message":"[4:42:18.694 PM]: Connection[id: d9be3392-8338-405a-9067-9559e63c9567] additional details: passcode in password is provided, passcode is not provided, private key is not provided, application: undefined, client name: snowflake-sdk, client version: 2.2.0, retry timeout: 300, private key path: undefined, private key pass is not provided, client store temporary credential: false, browser response timeout: 120000"}
{"level":"INFO","message":"[4:42:18.695 PM]: Connection[id: d9be3392-8338-405a-9067-9559e63c9567] - connection object created successfully."}
{"level":"INFO","message":"[4:42:18.695 PM]: Connection[id: d9be3392-8338-405a-9067-9559e63c9567] - connecting. Associated Snowflake domain: GLOBAL"}
{"level":"INFO","message":"[4:42:18.696 PM]: Connection[id: d9be3392-8338-405a-9067-9559e63c9567] - authentication successful using: SNOWFLAKE"}
{"level":"INFO","message":"[4:42:18.696 PM]: Trying to initialize Easy Logging"}
{"level":"INFO","message":"[4:42:18.697 PM]: No client config detected."}
{"level":"INFO","message":"[4:42:18.697 PM]: No config file path found. Client config will not be used."}
{"level":"INFO","message":"[4:42:18.697 PM]: Easy Logging is disabled as no config has been found"}
{"level":"INFO","message":"[4:42:18.706 PM]: Connection[id: d9be3392-8338-405a-9067-9559e63c9567] - connected successfully after 10.845208000000639 milliseconds"}
{"level":"INFO","message":"[4:42:20.040 PM]: Creating new connection object"}
{"level":"INFO","message":"[4:42:20.041 PM]: Creating Connection[id: c9fc541c-c417-4c5e-8312-1c9c85836f59] with host: na_pupr_provider_pp6.preprod6.us-west-2.aws.snowflakecomputing.com, account: na_pupr_provider_pp6, accessUrl: https://na_pupr_provider_pp6.preprod6.us-west-2.aws.snowflakecomputing.com, user: admin, role: undefined, database: undefined, schema: undefined, warehouse: undefined, proxy was not configured, password is provided, region: preprod6.us-west-2.aws, authenticator: SNOWFLAKE, ocsp mode: FAIL_OPEN, os: darwin, os versio"}
{"level":"INFO","message":"[4:42:20.041 PM]: Connection[id: c9fc541c-c417-4c5e-8312-1c9c85836f59] additional details: passcode in password is provided, passcode is not provided, private key is not provided, application: undefined, client name: snowflake-sdk, client version: 2.2.0, retry timeout: 300, private key path: undefined, private key pass is not provided, client store temporary credential: false, browser response timeout: 120000"}
{"level":"INFO","message":"[4:42:20.042 PM]: Connection[id: c9fc541c-c417-4c5e-8312-1c9c85836f59] - connection object created successfully."}
{"level":"INFO","message":"[4:42:20.042 PM]: Connection[id: c9fc541c-c417-4c5e-8312-1c9c85836f59] - connecting. Associated Snowflake domain: GLOBAL"}
{"level":"INFO","message":"[4:42:20.042 PM]: Connection[id: c9fc541c-c417-4c5e-8312-1c9c85836f59] - authentication successful using: SNOWFLAKE"}
{"level":"INFO","message":"[4:42:20.044 PM]: Connection[id: c9fc541c-c417-4c5e-8312-1c9c85836f59] - connected successfully after 1.9263330000003407 milliseconds"}
{"level":"INFO","message":"[4:42:36.143 PM]: Creating new connection object"}
{"level":"INFO","message":"[4:42:36.144 PM]: Creating Connection[id: 7af3ed7f-ebba-4155-8fd0-f5ae1ea7bc58] with host: na_pupr_provider_pp6.preprod6.us-west-2.aws.snowflakecomputing.com, account: na_pupr_provider_pp6, accessUrl: https://na_pupr_provider_pp6.preprod6.us-west-2.aws.snowflakecomputing.com, user: admin, role: undefined, database: undefined, schema: undefined, warehouse: undefined, proxy was not configured, password is provided, region: preprod6.us-west-2.aws, authenticator: SNOWFLAKE, ocsp mode: FAIL_OPEN, os: darwin, os versio"}
{"level":"INFO","message":"[4:42:36.144 PM]: Connection[id: 7af3ed7f-ebba-4155-8fd0-f5ae1ea7bc58] additional details: passcode in password is provided, passcode is not provided, private key is not provided, application: undefined, client name: snowflake-sdk, client version: 2.2.0, retry timeout: 300, private key path: undefined, private key pass is not provided, client store temporary credential: false, browser response timeout: 120000"}
{"level":"INFO","message":"[4:42:36.144 PM]: Connection[id: 7af3ed7f-ebba-4155-8fd0-f5ae1ea7bc58] - connection object created successfully."}
{"level":"INFO","message":"[4:42:36.145 PM]: Connection[id: 7af3ed7f-ebba-4155-8fd0-f5ae1ea7bc58] - connecting. Associated Snowflake domain: GLOBAL"}
{"level":"INFO","message":"[4:42:36.145 PM]: Connection[id: 7af3ed7f-ebba-4155-8fd0-f5ae1ea7bc58] - authentication successful using: SNOWFLAKE"}
{"level":"INFO","message":"[4:42:36.146 PM]: Connection[id: 7af3ed7f-ebba-4155-8fd0-f5ae1ea7bc58] - connected successfully after 1.0455000000001746 milliseconds"}
{"level":"INFO","message":"[4:42:36.149 PM]: Creating new connection object"}
{"level":"INFO","message":"[4:42:36.150 PM]: Creating Connection[id: 72193084-d96e-42cb-a5d1-d71e90689e06] with host: na_pupr_provider_pp6.preprod6.us-west-2.aws.snowflakecomputing.com, account: na_pupr_provider_pp6, accessUrl: https://na_pupr_provider_pp6.preprod6.us-west-2.aws.snowflakecomputing.com, user: admin, role: undefined, database: undefined, schema: undefined, warehouse: undefined, proxy was not configured, password is provided, region: preprod6.us-west-2.aws, authenticator: SNOWFLAKE, ocsp mode: FAIL_OPEN, os: darwin, os versio"}
{"level":"INFO","message":"[4:42:36.150 PM]: Connection[id: 72193084-d96e-42cb-a5d1-d71e90689e06] additional details: passcode in password is provided, passcode is not provided, private key is not provided, application: undefined, client name: snowflake-sdk, client version: 2.2.0, retry timeout: 300, private key path: undefined, private key pass is not provided, client store temporary credential: false, browser response timeout: 120000"}
{"level":"INFO","message":"[4:42:36.150 PM]: Connection[id: 72193084-d96e-42cb-a5d1-d71e90689e06] - connection object created successfully."}
{"level":"INFO","message":"[4:42:36.150 PM]: Connection[id: 72193084-d96e-42cb-a5d1-d71e90689e06] - connecting. Associated Snowflake domain: GLOBAL"}
{"level":"INFO","message":"[4:42:36.150 PM]: Connection[id: 72193084-d96e-42cb-a5d1-d71e90689e06] - authentication successful using: SNOWFLAKE"}
{"level":"INFO","message":"[4:42:36.151 PM]: Connection[id: 72193084-d96e-42cb-a5d1-d71e90689e06] - connected successfully after 1.027249999999185 milliseconds"}
{"level":"INFO","message":"[4:42:37.661 PM]: Creating new connection object"}
{"level":"INFO","message":"[4:42:37.663 PM]: Creating Connection[id: d59eb11e-8d23-4da8-8d6f-475767021cd0] with host: na_pupr_provider_pp6.preprod6.us-west-2.aws.snowflakecomputing.com, account: na_pupr_provider_pp6, accessUrl: https://na_pupr_provider_pp6.preprod6.us-west-2.aws.snowflakecomputing.com, user: admin, role: undefined, database: undefined, schema: undefined, warehouse: undefined, proxy was not configured, password is provided, region: preprod6.us-west-2.aws, authenticator: SNOWFLAKE, ocsp mode: FAIL_OPEN, os: darwin, os versio"}
{"level":"INFO","message":"[4:42:37.663 PM]: Connection[id: d59eb11e-8d23-4da8-8d6f-475767021cd0] additional details: passcode in password is provided, passcode is not provided, private key is not provided, application: undefined, client name: snowflake-sdk, client version: 2.2.0, retry timeout: 300, private key path: undefined, private key pass is not provided, client store temporary credential: false, browser response timeout: 120000"}
{"level":"INFO","message":"[4:42:37.664 PM]: Connection[id: d59eb11e-8d23-4da8-8d6f-475767021cd0] - connection object created successfully."}
{"level":"INFO","message":"[4:42:37.664 PM]: Connection[id: d59eb11e-8d23-4da8-8d6f-475767021cd0] - connecting. Associated Snowflake domain: GLOBAL"}
{"level":"INFO","message":"[4:42:37.664 PM]: Connection[id: d59eb11e-8d23-4da8-8d6f-475767021cd0] - authentication successful using: SNOWFLAKE"}
{"level":"INFO","message":"[4:42:37.665 PM]: Connection[id: d59eb11e-8d23-4da8-8d6f-475767021cd0] - connected successfully after 1.3567499999990105 milliseconds"}
{"level":"INFO","message":"[4:42:37.670 PM]: Creating new connection object"}
{"level":"INFO","message":"[4:42:37.671 PM]: Creating Connection[id: cf85a80f-2b7c-4219-bc8b-0633c3f6a929] with host: na_pupr_provider_pp6.preprod6.us-west-2.aws.snowflakecomputing.com, account: na_pupr_provider_pp6, accessUrl: https://na_pupr_provider_pp6.preprod6.us-west-2.aws.snowflakecomputing.com, user: admin, role: undefined, database: undefined, schema: undefined, warehouse: undefined, proxy was not configured, password is provided, region: preprod6.us-west-2.aws, authenticator: SNOWFLAKE, ocsp mode: FAIL_OPEN, os: darwin, os versio"}
{"level":"INFO","message":"[4:42:37.671 PM]: Connection[id: cf85a80f-2b7c-4219-bc8b-0633c3f6a929] additional details: passcode in password is provided, passcode is not provided, private key is not provided, application: undefined, client name: snowflake-sdk, client version: 2.2.0, retry timeout: 300, private key path: undefined, private key pass is not provided, client store temporary credential: false, browser response timeout: 120000"}
{"level":"INFO","message":"[4:42:37.671 PM]: Connection[id: cf85a80f-2b7c-4219-bc8b-0633c3f6a929] - connection object created successfully."}
{"level":"INFO","message":"[4:42:37.671 PM]: Connection[id: cf85a80f-2b7c-4219-bc8b-0633c3f6a929] - connecting. Associated Snowflake domain: GLOBAL"}
{"level":"INFO","message":"[4:42:37.671 PM]: Connection[id: cf85a80f-2b7c-4219-bc8b-0633c3f6a929] - authentication successful using: SNOWFLAKE"}
{"level":"INFO","message":"[4:42:37.672 PM]: Connection[id: cf85a80f-2b7c-4219-bc8b-0633c3f6a929] - connected successfully after 0.8292500000025029 milliseconds"}
{"level":"INFO","message":"[4:42:38.516 PM]: Creating new connection object"}
{"level":"INFO","message":"[4:42:38.518 PM]: Creating Connection[id: 2d34b656-f205-4488-b47b-6373a00e9786] with host: na_pupr_provider_pp6.preprod6.us-west-2.aws.snowflakecomputing.com, account: na_pupr_provider_pp6, accessUrl: https://na_pupr_provider_pp6.preprod6.us-west-2.aws.snowflakecomputing.com, user: admin, role: undefined, database: undefined, schema: undefined, warehouse: undefined, proxy was not configured, password is provided, region: preprod6.us-west-2.aws, authenticator: SNOWFLAKE, ocsp mode: FAIL_OPEN, os: darwin, os versio"}
{"level":"INFO","message":"[4:42:38.518 PM]: Connection[id: 2d34b656-f205-4488-b47b-6373a00e9786] additional details: passcode in password is provided, passcode is not provided, private key is not provided, application: undefined, client name: snowflake-sdk, client version: 2.2.0, retry timeout: 300, private key path: undefined, private key pass is not provided, client store temporary credential: false, browser response timeout: 120000"}
{"level":"INFO","message":"[4:42:38.519 PM]: Connection[id: 2d34b656-f205-4488-b47b-6373a00e9786] - connection object created successfully."}
{"level":"INFO","message":"[4:42:38.519 PM]: Connection[id: 2d34b656-f205-4488-b47b-6373a00e9786] - connecting. Associated Snowflake domain: GLOBAL"}
{"level":"INFO","message":"[4:42:38.519 PM]: Connection[id: 2d34b656-f205-4488-b47b-6373a00e9786] - authentication successful using: SNOWFLAKE"}
{"level":"INFO","message":"[4:42:38.520 PM]: Connection[id: 2d34b656-f205-4488-b47b-6373a00e9786] - connected successfully after 0.96729200000118 milliseconds"}
{"level":"INFO","message":"[4:53:30.246 PM]: Creating new connection object"}
{"level":"INFO","message":"[4:53:30.263 PM]: Creating Connection[id: a8e9d399-eaec-4dba-9140-984e9b94ba53] with host: na_pupr_provider_pp6.preprod6.us-west-2.aws.snowflakecomputing.com, account: na_pupr_provider_pp6, accessUrl: https://na_pupr_provider_pp6.preprod6.us-west-2.aws.snowflakecomputing.com, user: admin, role: undefined, database: undefined, schema: undefined, warehouse: undefined, proxy was not configured, password is provided, region: preprod6.us-west-2.aws, authenticator: SNOWFLAKE, ocsp mode: FAIL_OPEN, os: darwin, os versio"}
{"level":"INFO","message":"[4:53:30.264 PM]: Connection[id: a8e9d399-eaec-4dba-9140-984e9b94ba53] additional details: passcode in password is provided, passcode is not provided, private key is not provided, application: undefined, client name: snowflake-sdk, client version: 2.2.0, retry timeout: 300, private key path: undefined, private key pass is not provided, client store temporary credential: false, browser response timeout: 120000"}
{"level":"INFO","message":"[4:53:30.264 PM]: Connection[id: a8e9d399-eaec-4dba-9140-984e9b94ba53] - connection object created successfully."}
{"level":"INFO","message":"[4:53:30.265 PM]: Connection[id: a8e9d399-eaec-4dba-9140-984e9b94ba53] - connecting. Associated Snowflake domain: GLOBAL"}
{"level":"INFO","message":"[4:53:30.266 PM]: Connection[id: a8e9d399-eaec-4dba-9140-984e9b94ba53] - authentication successful using: SNOWFLAKE"}
{"level":"INFO","message":"[4:53:30.267 PM]: Trying to initialize Easy Logging"}
{"level":"INFO","message":"[4:53:30.269 PM]: No client config detected."}
{"level":"INFO","message":"[4:53:30.270 PM]: No config file path found. Client config will not be used."}
{"level":"INFO","message":"[4:53:30.270 PM]: Easy Logging is disabled as no config has been found"}
{"level":"INFO","message":"[4:53:30.274 PM]: Connection[id: a8e9d399-eaec-4dba-9140-984e9b94ba53] - connected successfully after 8.510541999999987 milliseconds"}
{"level":"INFO","message":"[4:53:31.836 PM]: Creating new connection object"}
{"level":"INFO","message":"[4:53:31.837 PM]: Creating Connection[id: 36844c29-6f6f-4110-8bf2-fee89faab565] with host: na_pupr_provider_pp6.preprod6.us-west-2.aws.snowflakecomputing.com, account: na_pupr_provider_pp6, accessUrl: https://na_pupr_provider_pp6.preprod6.us-west-2.aws.snowflakecomputing.com, user: admin, role: undefined, database: undefined, schema: undefined, warehouse: undefined, proxy was not configured, password is provided, region: preprod6.us-west-2.aws, authenticator: SNOWFLAKE, ocsp mode: FAIL_OPEN, os: darwin, os versio"}
{"level":"INFO","message":"[4:53:31.837 PM]: Connection[id: 36844c29-6f6f-4110-8bf2-fee89faab565] additional details: passcode in password is provided, passcode is not provided, private key is not provided, application: undefined, client name: snowflake-sdk, client version: 2.2.0, retry timeout: 300, private key path: undefined, private key pass is not provided, client store temporary credential: false, browser response timeout: 120000"}
{"level":"INFO","message":"[4:53:31.838 PM]: Connection[id: 36844c29-6f6f-4110-8bf2-fee89faab565] - connection object created successfully."}
{"level":"INFO","message":"[4:53:31.838 PM]: Connection[id: 36844c29-6f6f-4110-8bf2-fee89faab565] - connecting. Associated Snowflake domain: GLOBAL"}
{"level":"INFO","message":"[4:53:31.838 PM]: Connection[id: 36844c29-6f6f-4110-8bf2-fee89faab565] - authentication successful using: SNOWFLAKE"}
{"level":"INFO","message":"[4:53:31.839 PM]: Connection[id: 36844c29-6f6f-4110-8bf2-fee89faab565] - connected successfully after 1.6845419999990554 milliseconds"}
{"level":"INFO","message":"[4:53:32.920 PM]: Creating new connection object"}
{"level":"INFO","message":"[4:53:32.922 PM]: Creating Connection[id: f1a96872-4a91-40e6-8f8c-788a0b2b0540] with host: na_pupr_provider_pp6.preprod6.us-west-2.aws.snowflakecomputing.com, account: na_pupr_provider_pp6, accessUrl: https://na_pupr_provider_pp6.preprod6.us-west-2.aws.snowflakecomputing.com, user: admin, role: undefined, database: undefined, schema: undefined, warehouse: undefined, proxy was not configured, password is provided, region: preprod6.us-west-2.aws, authenticator: SNOWFLAKE, ocsp mode: FAIL_OPEN, os: darwin, os versio"}
{"level":"INFO","message":"[4:53:32.922 PM]: Connection[id: f1a96872-4a91-40e6-8f8c-788a0b2b0540] additional details: passcode in password is provided, passcode is not provided, private key is not provided, application: undefined, client name: snowflake-sdk, client version: 2.2.0, retry timeout: 300, private key path: undefined, private key pass is not provided, client store temporary credential: false, browser response timeout: 120000"}
{"level":"INFO","message":"[4:53:32.923 PM]: Connection[id: f1a96872-4a91-40e6-8f8c-788a0b2b0540] - connection object created successfully."}
{"level":"INFO","message":"[4:53:32.923 PM]: Connection[id: f1a96872-4a91-40e6-8f8c-788a0b2b0540] - connecting. Associated Snowflake domain: GLOBAL"}
{"level":"INFO","message":"[4:53:32.924 PM]: Connection[id: f1a96872-4a91-40e6-8f8c-788a0b2b0540] - authentication successful using: SNOWFLAKE"}
{"level":"INFO","message":"[4:53:32.926 PM]: Connection[id: f1a96872-4a91-40e6-8f8c-788a0b2b0540] - connected successfully after 2.8587079999997513 milliseconds"}
